# JRE version: OpenJDK Runtime Environment (Zulu11.31+11-CA) (11.0.3+7) (build 11.0.3+7-LTS)
# Java VM: OpenJDK 64-Bit Server VM (11.0.3+7-LTS, mixed mode, tiered, compressed oops, g1 gc, bsd-amd64)
Heap:
 garbage-first heap   total 262144K, used 166538K [0x0000000780000000, 0x0000000800000000)
  region size 1024K, 68 young (69632K), 1 survivors (1024K)
 Metaspace       used 14289K, capacity 14624K, committed 15104K, reserved 1062912K
  class space    used 1548K, capacity 1681K, committed 1792K, reserved 1048576K
GC Heap History (10 events):
Event: 190515.878 GC heap before
{Heap before GC invocations=24 (full 0):
 garbage-first heap   total 262144K, used 244349K [0x0000000780000000, 0x0000000800000000)
  region size 1024K, 128 young (131072K), 1 survivors (1024K)
 Metaspace       used 14285K, capacity 14560K, committed 14848K, reserved 1062912K
  class space    used 1548K, capacity 1681K, committed 1792K, reserved 1048576K
}
Event: 190515.890 GC heap after
{Heap after GC invocations=25 (full 0):
 garbage-first heap   total 262144K, used 7801K [0x0000000780000000, 0x0000000800000000)
  region size 1024K, 1 young (1024K), 1 survivors (1024K)
 Metaspace       used 14285K, capacity 14560K, committed 14848K, reserved 1062912K
  class space    used 1548K, capacity 1681K, committed 1792K, reserved 1048576K
}
Event: 201549.304 GC heap before
{Heap before GC invocations=26 (full 0):
 garbage-first heap   total 262144K, used 180857K [0x0000000780000000, 0x0000000800000000)
  region size 1024K, 67 young (68608K), 1 survivors (1024K)
 Metaspace       used 14287K, capacity 14624K, committed 15104K, reserved 1062912K
  class space    used 1548K, capacity 1681K, committed 1792K, reserved 1048576K
}
Event: 201549.316 GC heap after
{Heap after GC invocations=27 (full 0):
 garbage-first heap   total 262144K, used 7803K [0x0000000780000000, 0x0000000800000000)
  region size 1024K, 1 young (1024K), 1 survivors (1024K)
 Metaspace       used 14287K, capacity 14624K, committed 15104K, reserved 1062912K
  class space    used 1548K, capacity 1681K, committed 1792K, reserved 1048576K
}
Event: 211769.861 GC heap before
{Heap before GC invocations=28 (full 0):
 garbage-first heap   total 262144K, used 191099K [0x0000000780000000, 0x0000000800000000)
  region size 1024K, 77 young (78848K), 1 survivors (1024K)
 Metaspace       used 14288K, capacity 14624K, committed 15104K, reserved 1062912K
  class space    used 1548K, capacity 1681K, committed 1792K, reserved 1048576K
}
Event: 211769.862 GC heap after
{Heap after GC invocations=29 (full 0):
 garbage-first heap   total 262144K, used 7807K [0x0000000780000000, 0x0000000800000000)
  region size 1024K, 1 young (1024K), 1 survivors (1024K)
 Metaspace       used 14288K, capacity 14624K, committed 15104K, reserved 1062912K
  class space    used 1548K, capacity 1681K, committed 1792K, reserved 1048576K
}
Event: 223290.089 GC heap before
{Heap before GC invocations=30 (full 0):
 garbage-first heap   total 262144K, used 181887K [0x0000000780000000, 0x0000000800000000)
  region size 1024K, 68 young (69632K), 1 survivors (1024K)
 Metaspace       used 14288K, capacity 14624K, committed 15104K, reserved 1062912K
  class space    used 1548K, capacity 1681K, committed 1792K, reserved 1048576K
}
Event: 223290.091 GC heap after
{Heap after GC invocations=31 (full 0):
 garbage-first heap   total 262144K, used 7812K [0x0000000780000000, 0x0000000800000000)
  region size 1024K, 1 young (1024K), 1 survivors (1024K)
 Metaspace       used 14288K, capacity 14624K, committed 15104K, reserved 1062912K
  class space    used 1548K, capacity 1681K, committed 1792K, reserved 1048576K
}
Event: 274837.842 GC heap before
{Heap before GC invocations=32 (full 0):
 garbage-first heap   total 262144K, used 195204K [0x0000000780000000, 0x0000000800000000)
  region size 1024K, 81 young (82944K), 1 survivors (1024K)
 Metaspace       used 14289K, capacity 14624K, committed 15104K, reserved 1062912K
  class space    used 1548K, capacity 1681K, committed 1792K, reserved 1048576K
}
Event: 274837.863 GC heap after
{Heap after GC invocations=33 (full 0):
 garbage-first heap   total 262144K, used 7818K [0x0000000780000000, 0x0000000800000000)
  region size 1024K, 1 young (1024K), 1 survivors (1024K)
 Metaspace       used 14289K, capacity 14624K, committed 15104K, reserved 1062912K
  class space    used 1548K, capacity 1681K, committed 1792K, reserved 1048576K
}

